<?xml version="1.0" encoding="UTF-8"?>
<!-- Generated by org.testng.reporters.JUnitReportReporter -->
<testsuite hostname="DESKTOP-FPJTV93" failures="0" tests="2" name="kite_withxl.crossbrpwsing" time="27.275" errors="0" timestamp="2022-06-23T12:06:46 IST" skipped="0">
  <testcase classname="kite_withxl.crossbrpwsing" name="f" time="14.833"/>
  <system-out/>
  <testcase classname="kite_withxl.crossbrpwsing" name="f" time="12.442"/>
  <system-out/>
</testsuite> <!-- kite_withxl.crossbrpwsing -->
