<?xml version="1.0" encoding="UTF-8"?>
<!-- Generated by org.testng.reporters.JUnitReportReporter -->
<testsuite hostname="DESKTOP-FPJTV93" failures="0" tests="3" name="testng.include_exclude_Class" time="0.005" errors="0" timestamp="2022-06-29T16:56:50 IST" skipped="0">
  <testcase classname="testng.include_exclude_Class" name="method8" time="0.002"/>
  <system-out>
    <![CDATA[Method 8  is running]]>
  </system-out>
  <testcase classname="testng.include_exclude_Class" name="method12" time="0.002"/>
  <system-out>
    <![CDATA[Method 12 is running]]>
  </system-out>
  <testcase classname="testng.include_exclude_Class" name="method10" time="0.001"/>
  <system-out>
    <![CDATA[Method 10 is running]]>
  </system-out>
</testsuite> <!-- testng.include_exclude_Class -->
