<?xml version="1.0" encoding="UTF-8"?>
<!-- Generated by org.testng.reporters.JUnitReportReporter -->
<testsuite hostname="DESKTOP-FPJTV93" failures="0" tests="1" name="grups_TestNG.NewTest" time="0.002" errors="0" timestamp="2022-06-14T15:59:43 IST" skipped="0">
  <testcase classname="grups_TestNG.NewTest" name="method5" time="0.002"/>
  <system-out>
    <![CDATA[Method 5 is running]]>
  </system-out>
</testsuite> <!-- grups_TestNG.NewTest -->
