<?xml version="1.0" encoding="UTF-8"?>
<!-- Generated by org.testng.reporters.JUnitReportReporter -->
<testsuite hostname="DESKTOP-FPJTV93" failures="0" tests="1" name="verification_testNg_assert.Verification" time="13.286" errors="0" timestamp="2022-06-15T18:54:41 IST" skipped="0">
  <testcase classname="verification_testNg_assert.Verification" name="method" time="13.286"/>
  <system-out>
    <![CDATA[test case is passed]]>
  </system-out>
</testsuite> <!-- verification_testNg_assert.Verification -->
