<?xml version="1.0" encoding="UTF-8"?>
<!-- Generated by org.testng.reporters.JUnitReportReporter -->
<testsuite hostname="DESKTOP-FPJTV93" failures="0" tests="4" name="testng.Invocation_count" time="0.034" errors="0" timestamp="2022-06-13T12:01:55 IST" skipped="0">
  <testcase classname="testng.Invocation_count" name="Method1" time="0.004"/>
  <system-out>
    <![CDATA[Method 1 is running]]>
  </system-out>
  <testcase classname="testng.Invocation_count" name="Method1" time="0.002"/>
  <system-out>
    <![CDATA[Method 1 is running]]>
  </system-out>
  <testcase classname="testng.Invocation_count" name="Method1" time="0.004"/>
  <system-out>
    <![CDATA[Method 1 is running]]>
  </system-out>
  <testcase classname="testng.Invocation_count" name="Method1" time="0.024"/>
  <system-out>
    <![CDATA[Method 1 is running]]>
  </system-out>
</testsuite> <!-- testng.Invocation_count -->
