<?xml version="1.0" encoding="UTF-8"?>
<!-- Generated by org.testng.reporters.JUnitReportReporter -->
<testsuite hostname="DESKTOP-FPJTV93" failures="0" tests="2" name="testng.Class_2" time="0.006" errors="0" timestamp="2022-06-10T12:24:57 IST" skipped="0">
  <testcase classname="testng.Class_2" name="method4" time="0.003"/>
  <system-out>
    <![CDATA[Method 1 is running]]>
  </system-out>
  <testcase classname="testng.Class_2" name="method3" time="0.003"/>
  <system-out>
    <![CDATA[Method is running]]>
  </system-out>
</testsuite> <!-- testng.Class_2 -->
