<?xml version="1.0" encoding="UTF-8"?>
<!-- Generated by org.testng.reporters.JUnitReportReporter -->
<testsuite hostname="DESKTOP-FPJTV93" failures="0" tests="3" name="testng.Priority_TestNG_Keyword" time="0.025" errors="0" timestamp="2022-06-18T17:31:46 IST" skipped="1">
  <testcase classname="testng.Priority_TestNG_Keyword" name="d" time="0.020"/>
  <system-out>
    <![CDATA[method d is running]]>
  </system-out>
  <testcase classname="testng.Priority_TestNG_Keyword" name="f" time="0.005"/>
  <system-out>
    <![CDATA[Method f is running]]>
  </system-out>
  <testcase classname="testng.Priority_TestNG_Keyword" name="a">
    <skipped/>
  </testcase> <!-- a -->
  <system-out/>
</testsuite> <!-- testng.Priority_TestNG_Keyword -->
