<?xml version="1.0" encoding="UTF-8"?>
<!-- Generated by org.testng.reporters.JUnitReportReporter -->
<testsuite hostname="DESKTOP-FPJTV93" failures="0" tests="4" name="testNG_Listener.Pune" time="0.017" errors="0" timestamp="2022-06-22T14:05:34 IST" skipped="0">
  <testcase classname="testNG_Listener.Pune" name="chikhli" time="0.008"/>
  <system-out>
    <![CDATA[ chikhli tc is runing
TC is sucess
Success TC name is chikhli]]>
  </system-out>
  <testcase classname="testNG_Listener.Pune" name="bhosri" time="0.004"/>
  <system-out>
    <![CDATA[ bhosri tc is runing
TC is sucess
Success TC name is bhosri]]>
  </system-out>
  <testcase classname="testNG_Listener.Pune" name="pimpari" time="0.002"/>
  <system-out>
    <![CDATA[ pimpari tc is runing
TC is sucess
Success TC name is pimpari]]>
  </system-out>
  <testcase classname="testNG_Listener.Pune" name="chakhan" time="0.003"/>
  <system-out>
    <![CDATA[ chakhan tc is runing
TC is sucess
Success TC name is chakhan]]>
  </system-out>
</testsuite> <!-- testNG_Listener.Pune -->
