<?xml version="1.0" encoding="UTF-8"?>
<!-- Generated by org.testng.reporters.JUnitReportReporter -->
<testsuite hostname="DESKTOP-FPJTV93" failures="0" tests="2" name="grups_TestNG.Test_1" time="0.025" errors="0" timestamp="2022-06-14T15:59:43 IST" skipped="0">
  <testcase classname="grups_TestNG.Test_1" name="method7" time="0.003"/>
  <system-out>
    <![CDATA[Method 7 is running]]>
  </system-out>
  <testcase classname="grups_TestNG.Test_1" name="method11" time="0.022"/>
  <system-out>
    <![CDATA[Method 11 is running]]>
  </system-out>
</testsuite> <!-- grups_TestNG.Test_1 -->
