<?xml version="1.0" encoding="UTF-8"?>
<!-- Generated by org.testng.reporters.JUnitReportReporter -->
<testsuite hostname="DESKTOP-FPJTV93" failures="0" tests="1" name="parallel_serial_excuation.NewTest3" time="30.712" errors="0" timestamp="2022-06-14T16:59:07 IST" skipped="0">
  <testcase classname="parallel_serial_excuation.NewTest3" name="method3" time="30.712"/>
  <system-out>
    <![CDATA[myMethod3 is running]]>
  </system-out>
</testsuite> <!-- parallel_serial_excuation.NewTest3 -->
