<?xml version="1.0" encoding="UTF-8"?>
<!-- Generated by org.testng.reporters.JUnitReportReporter -->
<testsuite hostname="DESKTOP-FPJTV93" failures="0" tests="4" name="testng.Suit_Include" time="0.030" errors="0" timestamp="2022-06-29T16:56:50 IST" skipped="0">
  <testcase classname="testng.Suit_Include" name="method5" time="0.002"/>
  <system-out>
    <![CDATA[Method 5 is running]]>
  </system-out>
  <testcase classname="testng.Suit_Include" name="method4" time="0.002"/>
  <system-out>
    <![CDATA[Method 4 is running]]>
  </system-out>
  <testcase classname="testng.Suit_Include" name="method3" time="0.004"/>
  <system-out>
    <![CDATA[Method 3 is running]]>
  </system-out>
  <testcase classname="testng.Suit_Include" name="method1" time="0.022"/>
  <system-out>
    <![CDATA[Method 1 is running]]>
  </system-out>
</testsuite> <!-- testng.Suit_Include -->
