<?xml version="1.0" encoding="UTF-8"?>
<!-- Generated by org.testng.reporters.JUnitReportReporter -->
<testsuite hostname="DESKTOP-FPJTV93" failures="0" tests="1" name="verification_testNg_assert.True_False" time="0.021" errors="0" timestamp="2022-06-15T19:07:24 IST" skipped="0">
  <testcase classname="verification_testNg_assert.True_False" name="f" time="0.021"/>
  <system-out>
    <![CDATA[value is false TC is PASSED]]>
  </system-out>
</testsuite> <!-- verification_testNg_assert.True_False -->
