<?xml version="1.0" encoding="UTF-8"?>
<!-- Generated by org.testng.reporters.JUnitReportReporter -->
<testsuite hostname="DESKTOP-FPJTV93" failures="0" tests="2" name="testng.Annotation_Class_1" time="0.016" errors="0" timestamp="2022-06-10T12:24:57 IST" skipped="0">
  <testcase classname="testng.Annotation_Class_1" name="method1" time="0.005"/>
  <system-out>
    <![CDATA[Method 1 is running]]>
  </system-out>
  <testcase classname="testng.Annotation_Class_1" name="method" time="0.011"/>
  <system-out>
    <![CDATA[Method is running]]>
  </system-out>
</testsuite> <!-- testng.Annotation_Class_1 -->
