<?xml version="1.0" encoding="UTF-8"?>
<!-- Generated by org.testng.reporters.JUnitReportReporter -->
<testsuite hostname="DESKTOP-FPJTV93" failures="0" tests="3" name="testng.NewTest" time="55.593" errors="0" timestamp="2022-06-09T23:06:01 IST" skipped="0">
  <testcase classname="testng.NewTest" name="mymethod2" time="30.441"/>
  <system-out>
    <![CDATA[My Method2 Is Running]]>
  </system-out>
  <testcase classname="testng.NewTest" name="mymethod" time="11.261"/>
  <system-out/>
  <testcase classname="testng.NewTest" name="mymethod1" time="13.891"/>
  <system-out>
    <![CDATA[My Method1 is Running]]>
  </system-out>
</testsuite> <!-- testng.NewTest -->
