<?xml version="1.0" encoding="UTF-8"?>
<!-- Generated by org.testng.reporters.JUnitReportReporter -->
<testsuite hostname="DESKTOP-FPJTV93" failures="0" tests="1" name="verification_testNg_assert.Not_Null" time="0.024" errors="0" timestamp="2022-06-23T11:49:08 IST" skipped="0">
  <testcase classname="verification_testNg_assert.Not_Null" name="method" time="0.024"/>
  <system-out>
    <![CDATA[value is null TC is passed]]>
  </system-out>
</testsuite> <!-- verification_testNg_assert.Not_Null -->
